app/build/intermediates/manifest_merge_blame_file/debug/manifest-merger-blame-debug-report.txt
1<?xml version="1.0" encoding="utf-8"?>
2<manifest xmlns:android="http://schemas.android.com/apk/res/android"
3    package="com.mfcwl.app.yms.poc"
4    android:versionCode="1"
5    android:versionName="1.0" >
6
7    <uses-sdk
8        android:minSdkVersion="21"
8-->src\main\AndroidManifest.xml
9        android:targetSdkVersion="30" />
9-->src\main\AndroidManifest.xml
10
11    <application
11-->src\main\AndroidManifest.xml:5:5-26:19
12        android:allowBackup="true"
12-->src\main\AndroidManifest.xml:6:9-35
13        android:appComponentFactory="androidx.core.app.CoreComponentFactory"
13-->[androidx.core:core:1.3.2] AndroidManifest.xml:24:18-86
14        android:debuggable="true"
15        android:icon="@mipmap/ic_launcher"
15-->src\main\AndroidManifest.xml:7:9-43
16        android:label="@string/app_name"
16-->src\main\AndroidManifest.xml:8:9-41
17        android:roundIcon="@mipmap/ic_launcher_round"
17-->src\main\AndroidManifest.xml:9:9-54
18        android:supportsRtl="true"
18-->src\main\AndroidManifest.xml:10:9-35
19        android:theme="@style/Theme.YMS_Android_App_POC" >
19-->src\main\AndroidManifest.xml:11:9-57
20        <activity android:name="com.mfcwl.app.yms.mvc.activities.A1" >
20-->src\main\AndroidManifest.xml:12:9-18:20
20-->src\main\AndroidManifest.xml:12:19-52
21
22            <!--
23            <intent-filter>
24                <action android:name="android.intent.action.MAIN" />
25
26                <category android:name="android.intent.category.LAUNCHER" />
27            </intent-filter>
28            -->
29        </activity>
30        <activity android:name="com.mfcwl.app.yms.mainscreen.MainActivity" >
30-->src\main\AndroidManifest.xml:19:9-25:20
30-->src\main\AndroidManifest.xml:19:19-58
31            <intent-filter>
31-->src\main\AndroidManifest.xml:20:13-24:29
32                <action android:name="android.intent.action.MAIN" />
32-->src\main\AndroidManifest.xml:21:17-69
32-->src\main\AndroidManifest.xml:21:25-66
33
34                <category android:name="android.intent.category.LAUNCHER" />
34-->src\main\AndroidManifest.xml:23:17-77
34-->src\main\AndroidManifest.xml:23:27-74
35            </intent-filter>
36        </activity>
37    </application>
38
39</manifest>